<?xml version="1.0" encoding="UTF-8"?>
<testsuite name="JUnit Jupiter" tests="1" skipped="0" failures="0" errors="0" time="0.104" hostname="lindeMacBook-Pro.local" timestamp="2021-06-15T23:27:19">
<properties>
[...]
</properties>
<testcase name="contextLoads()" classname="me.young1lin.springnativedemoproject.SpringNativeDemoProjectApplicationTests" time="0">
<system-out><![CDATA[
unique-id: [engine:junit-jupiter]/[class:me.young1lin.springnativedemoproject.SpringNativeDemoProjectApplicationTests]/[method:contextLoads()]
display-name: contextLoads()
]]></system-out>
</testcase>
<system-out><![CDATA[
unique-id: [engine:junit-jupiter]
display-name: JUnit Jupiter
]]></system-out>
</testsuite>
